z:\learning\repos\mydriver1\x64\release\vc143.pdb
z:\learning\repos\mydriver1\x64\release\temperature.obj
z:\learning\repos\mydriver1\x64\release\source.obj
z:\learning\repos\mydriver1\x64\release\handledevicectl.obj
z:\learning\repos\mydriver1\x64\release\dispatcher.obj
z:\learning\repos\mydriver1\x64\release\mydriver1.sys
z:\learning\repos\mydriver1\x64\release\mydriver1.pdb
z:\learning\repos\mydriver1\x64\release\mydriver1.cer
z:\learning\repos\mydriver1\x64\release\consoleapplication1.pdb
z:\learning\repos\mydriver1\x64\release\mydriver1.tlog\cl.read.4.tlog
z:\learning\repos\mydriver1\x64\release\mydriver1.tlog\cl.write.1.tlog
z:\learning\repos\mydriver1\x64\release\mydriver1.tlog\cl.command.1.tlog
z:\learning\repos\mydriver1\x64\release\mydriver1.tlog\link.read.4.tlog
z:\learning\repos\mydriver1\x64\release\mydriver1.tlog\link.write.1.tlog
z:\learning\repos\mydriver1\x64\release\mydriver1.tlog\link.secondary.1.tlog
z:\learning\repos\mydriver1\x64\release\mydriver1.tlog\link.command.1.tlog
z:\learning\repos\mydriver1\x64\release\mydriver1.tlog\signtool.read.1.tlog
z:\learning\repos\mydriver1\x64\release\mydriver1.tlog\signtool.write.1.tlog
z:\learning\repos\mydriver1\x64\release\mydriver1.tlog\signtool.command.1.tlog
z:\learning\repos\mydriver1\x64\release\mydriver1.tlog\signtool.timestamp.1.tlog
z:\learning\repos\mydriver1\x64\release\mydriver1.tlog\cl.items.tlog
